{ Using PSTWRITER 17.2.0 d001Sep-15-2022 at 14:24:59 }

#1 WARNING(ORCAP-36038): "No_connect" property on Pin "DC1.2" ignored for DC1: MAIN, 03 TMC2160A (327.66, 142.24). Connecting pin to net "GND".
#2 WARNING(ORCAP-36038): "No_connect" property on Pin "MH2.1" ignored for MH2: MAIN, 03 TMC2160A (373.38, 170.18). Connecting pin to net "GND".
#3 WARNING(ORCAP-36038): "No_connect" property on Pin "MH1.1" ignored for MH1: MAIN, 03 TMC2160A (393.70, 170.18). Connecting pin to net "GND".
#4 WARNING(ORCAP-36038): "No_connect" property on Pin "MH4.1" ignored for MH4: MAIN, 03 TMC2160A (393.70, 187.96). Connecting pin to net "GND".
#5 WARNING(ORCAP-36038): "No_connect" property on Pin "U5.4" ignored for U5: MAIN, 03 TMC2160A (353.06, 22.86). Connecting pin to net "N17322095".
#6 WARNING(ORCAP-36038): "No_connect" property on Pin "U40.4" ignored for U40: MAIN, 03 TMC2160A (353.06, 55.88). Connecting pin to net "N17322682".
#7 WARNING(ORCAP-36006): Part Name "CAPT_100UF_3528_6R3V_10%_LXXXX_CAP-3R0-8X12_100UF_50V" is renamed to "CAPT_100UF_3528_6R3V_10%_LXXXX_".
#8 WARNING(ORCAP-36006): Part Name "CONN RCPT 15X2_CN2X15-2P54-Z_CN2X15-2P54-Z" is renamed to "CONN RCPT 15X2_CN2X15-2P54-Z_CN".
#9 WARNING(ORCAP-36006): Part Name "CONN RCPT 4_HX25035-4A_HX25035-4A" is renamed to "CONN RCPT 4_HX25035-4A_HX25035-".
#10 WARNING(ORCAP-36006): Part Name "IND_BEAD_0805_600OHM_1_L0805_BLM21PG600SN1D" is renamed to "IND_BEAD_0805_600OHM_1_L0805_BL".
#11 WARNING(ORCAP-36006): Part Name "IND_BEAD_0805_600OHM_1_L0805_BLM21PG600SN1D/NI" is renamed to "IND_BEAD_0805_600OHM_1_L0805__1".
#12 WARNING(ORCAP-36006): Part Name "TMC2160A-TA_0_TQFP48-9X9X0R5-5R0X5R0_TMC2160A-TA" is renamed to "TMC2160A-TA_0_TQFP48-9X9X0R5-5R".
#13 WARNING(ORCAP-36006): Part Name "SN74AHC1G00DBVR_SOT23-5_SN74AHC1G00DBVR" is renamed to "SN74AHC1G00DBVR_SOT23-5_SN74AHC".
#14 WARNING(ORCAP-36006): Part Name "SPX3819M5-L-1-2_SOT23-5_SPX3819M5-L-ADJ" is renamed to "SPX3819M5-L-1-2_SOT23-5_SPX3819".
INFO(ORCAP-36080): Scanning netlist files ...

Loading... G:\github\MotorDriver\HARDWARE\TMC2160A_V10_220915\SCH\allegro/pstchip.dat

Loading... G:\github\MotorDriver\HARDWARE\TMC2160A_V10_220915\SCH\allegro/pstchip.dat

Loading... G:\github\MotorDriver\HARDWARE\TMC2160A_V10_220915\SCH\allegro/pstchip.dat

Loading... G:\github\MotorDriver\HARDWARE\TMC2160A_V10_220915\SCH\allegro/pstxnet.dat
packaging the design view...