{ Using PSTWRITER 17.2.0 d001Jul-30-2022 at 14:21:34 }

#1 WARNING(ORCAP-36038): "No_connect" property on Pin "J1.7" ignored for J1: MAIN, 03 G431 (124.46, 195.58). Connecting pin to net "USART2_RX".
#2 WARNING(ORCAP-36038): "No_connect" property on Pin "J1.5" ignored for J1: MAIN, 03 G431 (124.46, 195.58). Connecting pin to net "USART2_TX".
#3 WARNING(ORCAP-36038): "No_connect" property on Pin "U5.4" ignored for U5: MAIN, 02 GATE (264.16, 124.46). Connecting pin to net "N17277768".
#4 WARNING(ORCAP-36038): "No_connect" property on Pin "U4.4" ignored for U4: MAIN, 02 GATE (350.52, 124.46). Connecting pin to net "N17277886".
#5 WARNING(ORCAP-36038): "No_connect" property on Pin "MH3.1" ignored for MH3: MAIN, 02 GATE (203.20, 45.72). Connecting pin to net "MOTOR_U".
#6 WARNING(ORCAP-36038): "No_connect" property on Pin "MH5.1" ignored for MH5: MAIN, 02 GATE (203.20, 172.72). Connecting pin to net "MOTOR_W".
#7 WARNING(ORCAP-36038): "No_connect" property on Pin "MH4.1" ignored for MH4: MAIN, 02 GATE (203.20, 109.22). Connecting pin to net "MOTOR_V".
#8 WARNING(ORCAP-36038): "No_connect" property on Pin "DC1.2" ignored for DC1: MAIN, 02 GATE (233.68, 20.32). Connecting pin to net "GND".
#9 WARNING(ORCAP-36038): "No_connect" property on Pin "MH7.1" ignored for MH7: MAIN, 02 GATE (38.10, 243.84). Connecting pin to net "GND".
#10 WARNING(ORCAP-36038): "No_connect" property on Pin "MH6.1" ignored for MH6: MAIN, 02 GATE (58.42, 243.84). Connecting pin to net "GND".
#11 WARNING(ORCAP-36038): "No_connect" property on Pin "MH2.1" ignored for MH2: MAIN, 02 GATE (58.42, 261.62). Connecting pin to net "GND".
#12 WARNING(ORCAP-36006): Part Name "CAPT_100UF_3528_6R3V_10%_LXXXX_CAP-5R0-13X27_1000UF_50V" is renamed to "CAPT_100UF_3528_6R3V_10%_LXXXX_".
#13 WARNING(ORCAP-36006): Part Name "XL-2012SURUGC_XL-2012SURUGC_XL-2012SURUGC" is renamed to "XL-2012SURUGC_XL-2012SURUGC_XL-".
#14 WARNING(ORCAP-36006): Part Name "CONN RCPT 5_CN1X5-2P54-Z_CN1X5-2P54-Z" is renamed to "CONN RCPT 5_CN1X5-2P54-Z_CN1X5-".
#15 WARNING(ORCAP-36006): Part Name "HX30002-10A_2_HX42003-8WAF_HX42003-8WAF" is renamed to "HX30002-10A_2_HX42003-8WAF_HX42".
#16 WARNING(ORCAP-36006): Part Name "CONN RCPT 8_CN1X8-2P54-Z_CN1X8-2P54-Z" is renamed to "CONN RCPT 8_CN1X8-2P54-Z_CN1X8-".
#17 WARNING(ORCAP-36006): Part Name "CONN RCPT 4_CN1X4-2P54-Z_CN1X4-2P54-Z" is renamed to "CONN RCPT 4_CN1X4-2P54-Z_CN1X4-".
#18 WARNING(ORCAP-36006): Part Name "IND_BEAD_0805_600OHM_1_L0805_BLM21PG600SN1D" is renamed to "IND_BEAD_0805_600OHM_1_L0805_BL".
#19 WARNING(ORCAP-36006): Part Name "CONN RCPT 2_CN1X2-2P54-Z_MF52A103F3950(A1)" is renamed to "CONN RCPT 2_CN1X2-2P54-Z_MF52A1".
#20 WARNING(ORCAP-36006): Part Name "SWITCH-SPST-4P_K2-1112SW-A4SW-04_K2-1112SW-A4SW-04" is renamed to "SWITCH-SPST-4P_K2-1112SW-A4SW-0".
#21 WARNING(ORCAP-36006): Part Name "STM32G431CBU6_QFN48-7X7X0R5-5R6X5R6_STM32G431CBU6" is renamed to "STM32G431CBU6_QFN48-7X7X0R5-5R6".
#22 WARNING(ORCAP-36006): Part Name "SPX3819M5-L-1-2_SOT23-5_SPX3819M5-L-ADJ" is renamed to "SPX3819M5-L-1-2_SOT23-5_SPX3819".
#23 WARNING(ORCAP-36006): Part Name "TPS54340DDAR_SOIC8-3R10X2R40_TPS54340DDAR" is renamed to "TPS54340DDAR_SOIC8-3R10X2R40_TP".
#24 WARNING(ORCAP-36006): Part Name "TYPE-C_0_TYPE-C-31-M-12_TYPE-C-31-M-12" is renamed to "TYPE-C_0_TYPE-C-31-M-12_TYPE-C-".
#25 WARNING(ORCAP-36006): Part Name "XTAL_5032_0_X-3P-3R2X1R3-SMD_CSTCE8M00G15C99-R0" is renamed to "XTAL_5032_0_X-3P-3R2X1R3-SMD_CS".
INFO(ORCAP-36080): Scanning netlist files ...

Loading... G:\github\MotorDriver\HARDWARE\B-G431B-ESC1_V10_220728\SCH\allegro/pstchip.dat

Loading... G:\github\MotorDriver\HARDWARE\B-G431B-ESC1_V10_220728\SCH\allegro/pstchip.dat

Loading... G:\github\MotorDriver\HARDWARE\B-G431B-ESC1_V10_220728\SCH\allegro/pstchip.dat

Loading... G:\github\MotorDriver\HARDWARE\B-G431B-ESC1_V10_220728\SCH\allegro/pstxnet.dat
packaging the design view...